[2014-11-09 07:50:42] production.ERROR: exception 'System\Classes\SystemException' with message 'Class name is not registered for the component mCrop. Check the component plugin.' in C:\xampp\htdocs\massada\modules\cms\classes\ComponentManager.php:200
Stack trace:
#0 C:\xampp\htdocs\massada\modules\cms\classes\Controller.php(413): Cms\Classes\ComponentManager->makeComponent('mCrop', Object(Cms545f1cd275e99_2111855192Class), Array)
#1 C:\xampp\htdocs\massada\modules\cms\classes\Controller.php(386): Cms\Classes\Controller->addComponent('mCrop', 'siteCrop', Array)
#2 C:\xampp\htdocs\massada\modules\cms\classes\Controller.php(220): Cms\Classes\Controller->initComponents()
#3 [internal function]: Cms\Classes\Controller->run('administration/...')
#4 C:\xampp\htdocs\massada\vendor\laravel\framework\src\Illuminate\Routing\Controller.php(231): call_user_func_array(Array, Array)
#5 C:\xampp\htdocs\massada\vendor\laravel\framework\src\Illuminate\Routing\ControllerDispatcher.php(93): Illuminate\Routing\Controller->callAction('run', Array)
#6 C:\xampp\htdocs\massada\vendor\laravel\framework\src\Illuminate\Routing\ControllerDispatcher.php(62): Illuminate\Routing\ControllerDispatcher->call(Object(Cms\Classes\Controller), Object(Illuminate\Routing\Route), 'run')
#7 C:\xampp\htdocs\massada\vendor\laravel\framework\src\Illuminate\Routing\Router.php(962): Illuminate\Routing\ControllerDispatcher->dispatch(Object(Illuminate\Routing\Route), Object(Illuminate\Http\Request), 'Cms\Classes\Con...', 'run')
#8 [internal function]: Illuminate\Routing\Router->Illuminate\Routing\{closure}('administration/...')
#9 C:\xampp\htdocs\massada\vendor\laravel\framework\src\Illuminate\Routing\Route.php(109): call_user_func_array(Object(Closure), Array)
#10 C:\xampp\htdocs\massada\vendor\laravel\framework\src\Illuminate\Routing\Router.php(1028): Illuminate\Routing\Route->run(Object(Illuminate\Http\Request))
#11 C:\xampp\htdocs\massada\vendor\laravel\framework\src\Illuminate\Routing\Router.php(996): Illuminate\Routing\Router->dispatchToRoute(Object(Illuminate\Http\Request))
#12 C:\xampp\htdocs\massada\vendor\laravel\framework\src\Illuminate\Foundation\Application.php(775): Illuminate\Routing\Router->dispatch(Object(Illuminate\Http\Request))
#13 C:\xampp\htdocs\massada\vendor\laravel\framework\src\Illuminate\Foundation\Application.php(745): Illuminate\Foundation\Application->dispatch(Object(Illuminate\Http\Request))
#14 C:\xampp\htdocs\massada\vendor\laravel\framework\src\Illuminate\Session\Middleware.php(72): Illuminate\Foundation\Application->handle(Object(Illuminate\Http\Request), 1, true)
#15 C:\xampp\htdocs\massada\vendor\laravel\framework\src\Illuminate\Cookie\Queue.php(47): Illuminate\Session\Middleware->handle(Object(Illuminate\Http\Request), 1, true)
#16 C:\xampp\htdocs\massada\vendor\laravel\framework\src\Illuminate\Cookie\Guard.php(51): Illuminate\Cookie\Queue->handle(Object(Illuminate\Http\Request), 1, true)
#17 C:\xampp\htdocs\massada\vendor\stack\builder\src\Stack\StackedHttpKernel.php(23): Illuminate\Cookie\Guard->handle(Object(Illuminate\Http\Request), 1, true)
#18 C:\xampp\htdocs\massada\vendor\laravel\framework\src\Illuminate\Foundation\Application.php(641): Stack\StackedHttpKernel->handle(Object(Illuminate\Http\Request))
#19 C:\xampp\htdocs\massada\index.php(40): Illuminate\Foundation\Application->run()
#20 {main} [] []
[2014-11-10 10:53:24] production.ERROR: exception 'System\Classes\SystemException' with message 'Cannot create directory: C:\xampp\htdocs\massada\app\storage/cache/18/46' in C:\xampp\htdocs\massada\modules\cms\classes\CodeParser.php:121
Stack trace:
#0 C:\xampp\htdocs\massada\modules\cms\classes\CodeParser.php(154): Cms\Classes\CodeParser->parse()
#1 C:\xampp\htdocs\massada\modules\cms\classes\Controller.php(373): Cms\Classes\CodeParser->source(Object(Cms\Classes\Page), Object(Cms\Classes\Layout), Object(Cms\Classes\Controller))
#2 C:\xampp\htdocs\massada\modules\cms\classes\Controller.php(230): Cms\Classes\Controller->initCustomObjects()
#3 [internal function]: Cms\Classes\Controller->run('/')
#4 C:\xampp\htdocs\massada\vendor\laravel\framework\src\Illuminate\Routing\Controller.php(231): call_user_func_array(Array, Array)
#5 C:\xampp\htdocs\massada\vendor\laravel\framework\src\Illuminate\Routing\ControllerDispatcher.php(93): Illuminate\Routing\Controller->callAction('run', Array)
#6 C:\xampp\htdocs\massada\vendor\laravel\framework\src\Illuminate\Routing\ControllerDispatcher.php(62): Illuminate\Routing\ControllerDispatcher->call(Object(Cms\Classes\Controller), Object(Illuminate\Routing\Route), 'run')
#7 C:\xampp\htdocs\massada\vendor\laravel\framework\src\Illuminate\Routing\Router.php(962): Illuminate\Routing\ControllerDispatcher->dispatch(Object(Illuminate\Routing\Route), Object(Illuminate\Http\Request), 'Cms\Classes\Con...', 'run')
#8 [internal function]: Illuminate\Routing\Router->Illuminate\Routing\{closure}('/')
#9 C:\xampp\htdocs\massada\vendor\laravel\framework\src\Illuminate\Routing\Route.php(109): call_user_func_array(Object(Closure), Array)
#10 C:\xampp\htdocs\massada\vendor\laravel\framework\src\Illuminate\Routing\Router.php(1028): Illuminate\Routing\Route->run(Object(Illuminate\Http\Request))
#11 C:\xampp\htdocs\massada\vendor\laravel\framework\src\Illuminate\Routing\Router.php(996): Illuminate\Routing\Router->dispatchToRoute(Object(Illuminate\Http\Request))
#12 C:\xampp\htdocs\massada\vendor\laravel\framework\src\Illuminate\Foundation\Application.php(775): Illuminate\Routing\Router->dispatch(Object(Illuminate\Http\Request))
#13 C:\xampp\htdocs\massada\vendor\laravel\framework\src\Illuminate\Foundation\Application.php(745): Illuminate\Foundation\Application->dispatch(Object(Illuminate\Http\Request))
#14 C:\xampp\htdocs\massada\vendor\laravel\framework\src\Illuminate\Session\Middleware.php(72): Illuminate\Foundation\Application->handle(Object(Illuminate\Http\Request), 1, true)
#15 C:\xampp\htdocs\massada\vendor\laravel\framework\src\Illuminate\Cookie\Queue.php(47): Illuminate\Session\Middleware->handle(Object(Illuminate\Http\Request), 1, true)
#16 C:\xampp\htdocs\massada\vendor\laravel\framework\src\Illuminate\Cookie\Guard.php(51): Illuminate\Cookie\Queue->handle(Object(Illuminate\Http\Request), 1, true)
#17 C:\xampp\htdocs\massada\vendor\stack\builder\src\Stack\StackedHttpKernel.php(23): Illuminate\Cookie\Guard->handle(Object(Illuminate\Http\Request), 1, true)
#18 C:\xampp\htdocs\massada\vendor\laravel\framework\src\Illuminate\Foundation\Application.php(641): Stack\StackedHttpKernel->handle(Object(Illuminate\Http\Request))
#19 C:\xampp\htdocs\massada\index.php(40): Illuminate\Foundation\Application->run()
#20 {main} [] []
